[debug] [2025-12-22T09:00:03.286Z] ----------------------------------------------------------------------
[debug] [2025-12-22T09:00:03.292Z] Command:       /opt/homebrew/Cellar/node/24.3.0/bin/node /opt/homebrew/bin/firebase projects:create mindsettler-backend
[debug] [2025-12-22T09:00:03.292Z] CLI Version:   15.1.0
[debug] [2025-12-22T09:00:03.292Z] Platform:      darwin
[debug] [2025-12-22T09:00:03.292Z] Node Version:  v24.3.0
[debug] [2025-12-22T09:00:03.292Z] Time:          Mon Dec 22 2025 14:30:03 GMT+0530 (India Standard Time)
[debug] [2025-12-22T09:00:03.292Z] ----------------------------------------------------------------------
[debug] 
[debug] [2025-12-22T09:00:03.295Z] > command requires scopes: ["email","openid","https://www.googleapis.com/auth/cloudplatformprojects.readonly","https://www.googleapis.com/auth/firebase","https://www.googleapis.com/auth/cloud-platform"]
[debug] [2025-12-22T09:00:03.296Z] > authorizing via signed-in user (mindsettler.dev@gmail.com)
[debug] [2025-12-22T09:00:22.508Z] Checked if tokens are valid: true, expires at: 1766397566117
[debug] [2025-12-22T09:00:22.508Z] Checked if tokens are valid: true, expires at: 1766397566117
[debug] [2025-12-22T09:00:22.510Z] >>> [apiv2][query] POST https://cloudresourcemanager.googleapis.com/v1/projects [none]
[debug] [2025-12-22T09:00:22.510Z] >>> [apiv2][body] POST https://cloudresourcemanager.googleapis.com/v1/projects {"projectId":"mindsettler-backend","name":"mindsettler-backend"}
[debug] [2025-12-22T09:00:24.473Z] <<< [apiv2][status] POST https://cloudresourcemanager.googleapis.com/v1/projects 200
[debug] [2025-12-22T09:00:24.473Z] <<< [apiv2][body] POST https://cloudresourcemanager.googleapis.com/v1/projects {"name":"operations/create_project.global.7183908617404571781"}
[debug] [2025-12-22T09:00:24.474Z] Checked if tokens are valid: true, expires at: 1766397566117
[debug] [2025-12-22T09:00:24.474Z] Checked if tokens are valid: true, expires at: 1766397566117
[debug] [2025-12-22T09:00:24.475Z] >>> [apiv2][query] GET https://cloudresourcemanager.googleapis.com/v1/operations/create_project.global.7183908617404571781 [none]
[debug] [2025-12-22T09:00:26.120Z] <<< [apiv2][status] GET https://cloudresourcemanager.googleapis.com/v1/operations/create_project.global.7183908617404571781 200
[debug] [2025-12-22T09:00:26.120Z] <<< [apiv2][body] GET https://cloudresourcemanager.googleapis.com/v1/operations/create_project.global.7183908617404571781 {"name":"operations/create_project.global.7183908617404571781","metadata":{"@type":"type.googleapis.com/google.cloudresourcemanager.v1.ProjectCreationStatus","ready":true},"done":true,"error":{"code":9,"message":"Callers must accept Terms of Service","details":[{"@type":"type.googleapis.com/google.rpc.PreconditionFailure","violations":[{"type":"TOS","subject":"cloud","description":"Callers must accept Terms of Service"}]}]}}
[debug] [2025-12-22T09:00:26.375Z] FirebaseError: Callers must accept Terms of Service
    at OperationPoller.poll (/opt/homebrew/lib/node_modules/firebase-tools/lib/operation-poller.js:24:19)
    at process.processTicksAndRejections (node:internal/process/task_queues:105:5)
    at async createCloudProject (/opt/homebrew/lib/node_modules/firebase-tools/lib/management/projects.js:227:29)
    at async createFirebaseProjectAndLog (/opt/homebrew/lib/node_modules/firebase-tools/lib/management/projects.js:87:9)
[error] 
[error] Error: Failed to create project. See firebase-debug.log for more info.
